Product projects
---------------------------------------
C:\Users\s1124\OneDrive - sbnasoftware.com\Desktop\ASP.Net\MagicVilla\MagicVilla_Utility\MagicVilla_Utility.csproj
C:\Users\s1124\OneDrive - sbnasoftware.com\Desktop\ASP.Net\MagicVilla\MagicVilla_Dtos\MagicVilla_Dtos.csproj
C:\Users\s1124\OneDrive - sbnasoftware.com\Desktop\ASP.Net\MagicVilla\MagicVilla_Model\MagicVilla_Entity.csproj
C:\Users\s1124\OneDrive - sbnasoftware.com\Desktop\ASP.Net\MagicVilla\MagicVilla_DataRepository\MagicVilla_DataRepository.csproj
C:\Users\s1124\OneDrive - sbnasoftware.com\Desktop\ASP.Net\MagicVilla\MagicVilla_VillaAPI\MagicVilla_VillaAPI.csproj
C:\Users\s1124\OneDrive - sbnasoftware.com\Desktop\ASP.Net\MagicVilla\MagicVilla_Service\MagicVilla_Service.csproj
C:\Users\s1124\OneDrive - sbnasoftware.com\Desktop\ASP.Net\MagicVilla\MagicVilla_Web\MagicVilla_Web.csproj


Test projects
---------------------------------------


Invalid projects
---------------------------------------
{none}


Skipped projects
---------------------------------------
{none}


Excluded projects
---------------------------------------
{none}


